<?xml version="1.0" encoding="UTF-8"?>
<!-- Generated by org.testng.reporters.JUnitReportReporter -->
<testsuite hostname="DESKTOP-JMRHL20" failures="0" tests="1" name="com.hrms.testScripts.TestCase02" time="6.274" errors="0" timestamp="13 Dec 2020 12:27:43 GMT">
  <testcase classname="com.hrms.testScripts.TestCase02" name="tc002" time="6.274"/>
</testsuite> <!-- com.hrms.testScripts.TestCase02 -->
