<?xml version="1.0" encoding="UTF-8"?>
<!-- Generated by org.testng.reporters.JUnitReportReporter -->
<testsuite hostname="DESKTOP-JMRHL20" failures="0" tests="1" name="com.hrms.testScripts.TestCases01" time="7.094" errors="0" timestamp="13 Dec 2020 12:27:43 GMT">
  <testcase classname="com.hrms.testScripts.TestCases01" name="tc001" time="7.094"/>
</testsuite> <!-- com.hrms.testScripts.TestCases01 -->
